<?xml version="1.0" encoding="UTF-8"?>
<!-- Generated by org.testng.reporters.JUnitReportReporter -->
<testsuite skipped="0" hostname="SHRADDHA-PC" name="com.amazon.qa.testcases.WishListPageTest" tests="2" failures="0" timestamp="19 Jun 2020 18:50:50 GMT" time="26.257" errors="0">
  <testcase name="createAccountTest" time="12.904" classname="com.amazon.qa.testcases.WishListPageTest"/>
  <testcase name="createAccountTest" time="13.353" classname="com.amazon.qa.testcases.WishListPageTest"/>
</testsuite> <!-- com.amazon.qa.testcases.WishListPageTest -->
