<?xml version="1.0" encoding="UTF-8"?>
<!-- Generated by org.testng.reporters.JUnitReportReporter -->
<testsuite skipped="0" hostname="SHRADDHA-PC" name="com.amazon.qa.testcases.LoginPageTest" tests="1" failures="0" timestamp="20 Jun 2020 18:50:34 GMT" time="21.759" errors="0">
  <testcase name="loginTest" time="21.759" classname="com.amazon.qa.testcases.LoginPageTest"/>
</testsuite> <!-- com.amazon.qa.testcases.LoginPageTest -->
